SF:silc_toolkit/__init__.py
DA:5,1
DA:6,1
DA:7,1
DA:8,1
DA:10,1
DA:11,1
LF:6
LH:6
end_of_record
SF:silc_toolkit/functional.py
DA:6,1
DA:8,1
DA:9,1
DA:10,1
DA:11,1
DA:12,1
DA:13,1
DA:15,1
DA:21,1
DA:24,0
DA:25,0
DA:26,0
DA:27,0
DA:28,0
DA:29,0
DA:30,0
DA:32,0
DA:35,1
DA:38,0
DA:39,0
DA:40,0
DA:41,0
DA:42,0
DA:43,0
DA:44,0
DA:46,0
DA:49,1
DA:52,0
DA:53,0
DA:54,0
DA:55,0
DA:56,0
DA:57,0
DA:61,0
DA:63,0
DA:65,0
DA:68,1
DA:71,0
DA:72,0
DA:73,0
DA:74,0
DA:75,0
DA:76,0
DA:77,0
DA:78,0
DA:79,0
DA:80,0
DA:81,0
DA:83,0
DA:85,0
DA:91,1
DA:95,0
DA:96,0
DA:97,0
DA:98,0
DA:99,0
DA:100,0
DA:101,0
DA:104,1
DA:108,0
DA:109,0
DA:110,0
DA:111,0
DA:112,0
DA:113,0
DA:114,0
DA:117,1
DA:121,0
DA:122,0
DA:123,0
DA:124,0
DA:125,0
DA:126,0
DA:127,0
DA:128,0
DA:129,0
DA:130,0
DA:136,1
DA:138,0
DA:139,0
DA:140,0
DA:141,0
DA:142,0
DA:145,1
DA:148,0
DA:149,0
DA:151,0
LF:87
LH:17
FN:21,32,timer
FNDA:0,timer
FN:25,30,timer.wrapper
FNDA:0,timer.wrapper
FN:35,46,log_call
FNDA:0,log_call
FN:39,44,log_call.wrapper
FNDA:0,log_call.wrapper
FN:49,65,validate_output
FNDA:0,validate_output
FN:52,63,validate_output.decorator
FNDA:0,validate_output.decorator
FN:54,61,validate_output.decorator.wrapper
FNDA:0,validate_output.decorator.wrapper
FN:68,85,retry
FNDA:0,retry
FN:71,83,retry.decorator
FNDA:0,retry.decorator
FN:73,81,retry.decorator.wrapper
FNDA:0,retry.decorator.wrapper
FN:91,101,stream_silc_households
FNDA:0,stream_silc_households
FN:104,114,stream_silc_persons
FNDA:0,stream_silc_persons
FN:117,130,stream_all_countries
FNDA:0,stream_all_countries
FN:136,142,arop_rate
FNDA:0,arop_rate
FN:145,151,make_poverty_classifier
FNDA:0,make_poverty_classifier
FN:148,149,make_poverty_classifier.classify
FNDA:0,make_poverty_classifier.classify
FNF:16
FNH:0
end_of_record
SF:silc_toolkit/indicators.py
DA:7,1
DA:9,1
DA:10,1
DA:11,1
DA:14,1
DA:16,1
DA:17,1
DA:18,1
DA:19,1
DA:22,1
DA:30,1
DA:33,1
DA:51,1
DA:52,1
DA:53,1
DA:54,1
DA:55,1
DA:56,1
DA:58,1
DA:59,1
DA:60,1
DA:63,1
DA:69,1
DA:70,1
DA:71,1
DA:72,1
DA:73,1
DA:74,1
DA:75,0
DA:76,1
DA:77,1
DA:80,1
DA:91,0
DA:92,0
DA:93,0
DA:94,0
DA:97,1
DA:102,1
DA:103,1
DA:104,1
DA:105,1
DA:106,1
DA:107,1
DA:108,1
DA:109,1
LF:45
LH:40
FN:14,19,median_income
FNDA:1,median_income
FN:22,30,poverty_threshold
FNDA:1,poverty_threshold
FN:33,60,arop_rate
FNDA:1,arop_rate
FN:63,77,gini_coefficient
FNDA:1,gini_coefficient
FN:80,94,material_deprivation_rate
FNDA:0,material_deprivation_rate
FN:97,109,s80s20_ratio
FNDA:1,s80s20_ratio
FNF:6
FNH:5
end_of_record
SF:silc_toolkit/loaders.py
DA:7,1
DA:9,1
DA:10,1
DA:11,1
DA:12,1
DA:14,1
DA:16,1
DA:19,1
DA:21,1
DA:23,1
DA:35,1
DA:36,1
DA:37,1
DA:39,1
DA:40,1
DA:41,1
DA:42,1
DA:43,1
DA:44,1
DA:45,1
DA:46,1
DA:47,0
DA:48,1
DA:49,1
DA:50,1
DA:51,1
DA:52,1
DA:53,1
DA:56,1
DA:66,1
DA:67,1
DA:68,1
DA:70,1
DA:71,0
DA:74,1
DA:75,1
DA:76,1
DA:79,1
DA:80,1
DA:81,1
DA:82,1
DA:88,0
DA:90,0
DA:93,1
DA:94,1
DA:95,1
DA:96,1
DA:97,1
DA:98,1
DA:99,1
DA:102,1
DA:103,1
DA:105,1
DA:109,1
DA:112,1
DA:118,0
DA:119,0
DA:120,0
DA:121,0
DA:122,0
DA:123,0
DA:124,0
DA:125,0
DA:126,0
DA:127,0
DA:128,0
LF:66
LH:51
FN:23,53,load_incomes
FNDA:1,load_incomes
FN:56,109,load_household_df
FNDA:1,load_household_df
FN:112,128,load_multi_year
FNDA:0,load_multi_year
FNF:3
FNH:2
end_of_record
SF:silc_toolkit/models.py
DA:12,1
DA:14,1
DA:15,1
DA:16,1
DA:18,1
DA:21,1
DA:24,1
DA:25,1
DA:26,1
DA:27,1
DA:28,1
DA:29,1
DA:30,1
DA:31,1
DA:33,1
DA:34,1
DA:35,1
DA:36,0
DA:38,1
DA:39,1
DA:40,1
DA:41,0
DA:42,0
DA:43,0
DA:45,1
DA:46,1
DA:47,1
DA:48,0
DA:49,0
DA:50,0
DA:52,1
DA:53,1
DA:54,0
DA:55,0
DA:58,0
DA:60,1
DA:61,1
DA:63,0
DA:64,0
DA:66,1
DA:67,1
DA:68,0
DA:71,1
DA:74,1
DA:75,1
DA:76,1
DA:77,1
DA:78,1
DA:79,1
DA:80,1
DA:81,1
DA:82,1
DA:84,1
DA:85,1
DA:86,1
DA:87,0
DA:89,1
DA:90,1
DA:91,1
DA:92,0
DA:93,0
DA:94,0
DA:96,1
DA:97,1
DA:98,0
DA:100,1
DA:101,1
DA:102,0
DA:104,1
DA:105,1
DA:106,0
DA:109,1
DA:112,1
DA:113,1
DA:114,1
DA:116,1
DA:117,1
DA:118,0
DA:122,1
DA:123,1
DA:124,0
DA:125,0
DA:127,1
DA:128,1
DA:130,0
DA:132,1
DA:133,1
DA:135,0
DA:136,0
DA:137,0
DA:138,0
DA:139,0
DA:141,1
DA:142,0
LF:94
LH:64
FN:35,36,HouseholdModel.normalise_country
FNDA:0,HouseholdModel.normalise_country
FN:40,43,HouseholdModel.coerce_income
FNDA:0,HouseholdModel.coerce_income
FN:47,50,HouseholdModel.coerce_size
FNDA:0,HouseholdModel.coerce_size
FN:53,58,HouseholdModel.income_sanity
FNDA:0,HouseholdModel.income_sanity
FN:61,64,HouseholdModel.equivalised_income
FNDA:0,HouseholdModel.equivalised_income
FN:67,68,HouseholdModel.tax_burden
FNDA:0,HouseholdModel.tax_burden
FN:86,87,PersonModel.normalise_country
FNDA:0,PersonModel.normalise_country
FN:91,94,PersonModel.coerce_income
FNDA:0,PersonModel.coerce_income
FN:97,98,PersonModel.household_id
FNDA:0,PersonModel.household_id
FN:101,102,PersonModel.is_working_age
FNDA:0,PersonModel.is_working_age
FN:105,106,PersonModel.sex_label
FNDA:0,PersonModel.sex_label
FN:117,120,SurveyWave._positive_incomes
FNDA:0,SurveyWave._positive_incomes
FN:123,125,SurveyWave.median_income
FNDA:0,SurveyWave.median_income
FN:128,130,SurveyWave.poverty_threshold
FNDA:0,SurveyWave.poverty_threshold
FN:133,139,SurveyWave.arop_rate
FNDA:0,SurveyWave.arop_rate
FN:141,149,SurveyWave.summary
FNDA:0,SurveyWave.summary
FNF:16
FNH:0
end_of_record
